Arguments:
  /Users/sam/.nvm/versions/node/v8.9.1/bin/node /Users/sam/.nvm/versions/node/v8.9.1/bin/yarn dev

PATH:
  /Users/sam/.nvm/versions/node/v8.9.1/bin:/Users/sam/bin:/usr/local/bin:/Library/Frameworks/Python.framework/Versions/3.7/bin:/usr/local/bin:/usr/bin:/bin:/usr/sbin:/sbin:/Users/sam/.fastlane/bin:/Users/sam/Library/Android/sdk/platform-tools:/Users/sam/Library/Android/sdk/tools:/Users/sam/.fastlane/bin:/usr/local/opt/fzf/bin

Yarn version:
  1.5.1

Node version:
  8.9.1

Platform:
  darwin x64

npm manifest:
  {
    "name": "derp-list",
    "version": "1.0.0",
    "description": "A React library for rendering a data list like Google's mobile search results.",
    "main": "lib/index.js",
    "module": "es/index.js",
    "files": [
      "css",
      "es",
      "lib",
      "umd"
    ],
    "scripts": {
      "build": "nwb build-react-component",
      "clean": "nwb clean-module && nwb clean-demo",
      "prepublishOnly": "npm run build",
      "start": "nwb serve-react-demo",
      "test": "nwb test-react",
      "test:coverage": "nwb test-react --coverage",
      "test:watch": "nwb test-react --server"
    },
    "dependencies": {
      "react-loads": "^5.0.0"
    },
    "peerDependencies": {
      "@medipass/eslint-config-react-medipass": "8.3.0",
      "react": "16.x"
    },
    "devDependencies": {
      "nwb": "0.23.x",
      "react": "^16.5.2",
      "react-dom": "^16.5.2"
    },
    "author": "",
    "homepage": "",
    "license": "MIT",
    "repository": "",
    "keywords": [
      "react-component"
    ]
  }

yarn manifest:
  No manifest

Lockfile:
  No lockfile

Trace:
  Error: Command "dev" not found.
      at new MessageError (/Users/sam/.nvm/versions/node/v8.9.1/lib/node_modules/yarn/lib/cli.js:186:110)
      at /Users/sam/.nvm/versions/node/v8.9.1/lib/node_modules/yarn/lib/cli.js:87307:17
      at Generator.next (<anonymous>)
      at step (/Users/sam/.nvm/versions/node/v8.9.1/lib/node_modules/yarn/lib/cli.js:98:30)
      at /Users/sam/.nvm/versions/node/v8.9.1/lib/node_modules/yarn/lib/cli.js:116:14
      at new Promise (<anonymous>)
      at new F (/Users/sam/.nvm/versions/node/v8.9.1/lib/node_modules/yarn/lib/cli.js:23451:28)
      at /Users/sam/.nvm/versions/node/v8.9.1/lib/node_modules/yarn/lib/cli.js:95:12
      at runCommand (/Users/sam/.nvm/versions/node/v8.9.1/lib/node_modules/yarn/lib/cli.js:87312:22)
      at Object.<anonymous> (/Users/sam/.nvm/versions/node/v8.9.1/lib/node_modules/yarn/lib/cli.js:87412:14)
